0 info it worked if it ends with ok
1 verbose cli [ '/usr/bin/node',
1 verbose cli   '/usr/bin/npm',
1 verbose cli   '-g',
1 verbose cli   'install',
1 verbose cli   'gwas-credible-sets' ]
2 info using npm@3.10.10
3 info using node@v6.16.0
4 silly loadCurrentTree Starting
5 silly install loadCurrentTree
6 silly install readGlobalPackageData
7 silly fetchPackageMetaData gwas-credible-sets
8 silly fetchNamedPackageData gwas-credible-sets
9 silly mapToRegistry name gwas-credible-sets
10 silly mapToRegistry using default registry
11 silly mapToRegistry registry https://registry.npmjs.org/
12 silly mapToRegistry data Result {
12 silly mapToRegistry   raw: 'gwas-credible-sets',
12 silly mapToRegistry   scope: null,
12 silly mapToRegistry   escapedName: 'gwas-credible-sets',
12 silly mapToRegistry   name: 'gwas-credible-sets',
12 silly mapToRegistry   rawSpec: '',
12 silly mapToRegistry   spec: 'latest',
12 silly mapToRegistry   type: 'tag' }
13 silly mapToRegistry uri https://registry.npmjs.org/gwas-credible-sets
14 verbose get https://registry.npmjs.org/gwas-credible-sets not expired, no request
15 silly install normalizeTree
16 silly loadCurrentTree Finishing
17 silly loadIdealTree Starting
18 silly install loadIdealTree
19 silly cloneCurrentTree Starting
20 silly install cloneCurrentTreeToIdealTree
21 silly cloneCurrentTree Finishing
22 silly loadShrinkwrap Starting
23 silly install loadShrinkwrap
24 silly loadShrinkwrap Finishing
25 silly loadAllDepsIntoIdealTree Starting
26 silly install loadAllDepsIntoIdealTree
27 silly resolveWithNewModule gwas-credible-sets@0.1.0 checking installable status
28 silly cache add args [ 'gwas-credible-sets', null ]
29 verbose cache add spec gwas-credible-sets
30 silly cache add parsed spec Result {
30 silly cache add   raw: 'gwas-credible-sets',
30 silly cache add   scope: null,
30 silly cache add   escapedName: 'gwas-credible-sets',
30 silly cache add   name: 'gwas-credible-sets',
30 silly cache add   rawSpec: '',
30 silly cache add   spec: 'latest',
30 silly cache add   type: 'tag' }
31 silly addNamed gwas-credible-sets@latest
32 verbose addNamed "latest" is being treated as a dist-tag for gwas-credible-sets
33 info addNameTag [ 'gwas-credible-sets', 'latest' ]
34 silly mapToRegistry name gwas-credible-sets
35 silly mapToRegistry using default registry
36 silly mapToRegistry registry https://registry.npmjs.org/
37 silly mapToRegistry data Result {
37 silly mapToRegistry   raw: 'gwas-credible-sets',
37 silly mapToRegistry   scope: null,
37 silly mapToRegistry   escapedName: 'gwas-credible-sets',
37 silly mapToRegistry   name: 'gwas-credible-sets',
37 silly mapToRegistry   rawSpec: '',
37 silly mapToRegistry   spec: 'latest',
37 silly mapToRegistry   type: 'tag' }
38 silly mapToRegistry uri https://registry.npmjs.org/gwas-credible-sets
39 verbose addNameTag registry:https://registry.npmjs.org/gwas-credible-sets not in flight; fetching
40 verbose get https://registry.npmjs.org/gwas-credible-sets not expired, no request
41 silly addNameTag next cb for gwas-credible-sets with tag latest
42 silly addNamed gwas-credible-sets@0.1.0
43 verbose addNamed "0.1.0" is a plain semver version for gwas-credible-sets
44 silly cache afterAdd gwas-credible-sets@0.1.0
45 verbose afterAdd /home/jhz22/.npm/gwas-credible-sets/0.1.0/package/package.json not in flight; writing
46 verbose correctMkdir /home/jhz22/.npm correctMkdir not in flight; initializing
47 verbose afterAdd /home/jhz22/.npm/gwas-credible-sets/0.1.0/package/package.json written
48 silly loadAllDepsIntoIdealTree Finishing
49 silly loadIdealTree Finishing
50 silly currentTree lib
51 silly idealTree lib
51 silly idealTree └── gwas-credible-sets@0.1.0
52 silly generateActionsToTake Starting
53 silly install generateActionsToTake
54 warn checkPermissions Missing write access to /usr/lib/node_modules
55 silly rollbackFailedOptional Starting
56 silly rollbackFailedOptional Finishing
57 silly runTopLevelLifecycles Finishing
58 silly install printInstalled
59 verbose stack Error: EACCES: permission denied, access '/usr/lib/node_modules'
59 verbose stack     at Error (native)
60 verbose cwd /rds/project/jmmh2/rds-jmmh2-projects/olink_proteomics/scallop/INF/csd3
61 error Linux 3.10.0-957.12.2.el7.x86_64
62 error argv "/usr/bin/node" "/usr/bin/npm" "-g" "install" "gwas-credible-sets"
63 error node v6.16.0
64 error npm  v3.10.10
65 error path /usr/lib/node_modules
66 error code EACCES
67 error errno -13
68 error syscall access
69 error Error: EACCES: permission denied, access '/usr/lib/node_modules'
69 error     at Error (native)
69 error  { Error: EACCES: permission denied, access '/usr/lib/node_modules'
69 error     at Error (native)
69 error   errno: -13,
69 error   code: 'EACCES',
69 error   syscall: 'access',
69 error   path: '/usr/lib/node_modules' }
70 error Please try running this command again as root/Administrator.
71 verbose exit [ -13, true ]
